The target system is: Android - 24 - x86_64
The host system is: Linux - 4.4.0-79-generic - x86_64
Determining if the C compiler works passed with the following output:
Change Dir: /disk1/AndroidStudioProjects/amars/app/.externalNativeBuild/cmake/debug/x86_64/CMakeFiles/CMakeTmp

Run Build Command:"/home/wangjf/Android/Sdk/cmake/3.6.4111459/bin/ninja" "cmTC_41770"
[1/2] Building C object CMakeFiles/cmTC_41770.dir/testCCompiler.c.o
[2/2] Linking C executable cmTC_41770


Detecting C compiler ABI info compiled with the following output:
Change Dir: /disk1/AndroidStudioProjects/amars/app/.externalNativeBuild/cmake/debug/x86_64/CMakeFiles/CMakeTmp

Run Build Command:"/home/wangjf/Android/Sdk/cmake/3.6.4111459/bin/ninja" "cmTC_eaf30"
[1/2] Building C object CMakeFiles/cmTC_eaf30.dir/CMakeCCompilerABI.c.o
[2/2] Linking C executable cmTC_eaf30
Android clang version 3.8.256229  (based on LLVM 3.8.256229)
Target: x86_64-none-linux-android
Thread model: posix
InstalledDir: /home/wangjf/Android/Sdk/ndk-bundle/toolchains/llvm/prebuilt/linux-x86_64/bin
Found candidate GCC installation: /home/wangjf/Android/Sdk/ndk-bundle/toolchains/x86_64-4.9/prebuilt/linux-x86_64/lib/gcc/x86_64-linux-android/4.9.x
Selected GCC installation: /home/wangjf/Android/Sdk/ndk-bundle/toolchains/x86_64-4.9/prebuilt/linux-x86_64/lib/gcc/x86_64-linux-android/4.9.x
Candidate multilib: .;@m64
Candidate multilib: 32;@m32
Candidate multilib: x32;@mx32
Selected multilib: .;@m64
 "/home/wangjf/Android/Sdk/ndk-bundle/toolchains/x86_64-4.9/prebuilt/linux-x86_64/lib/gcc/x86_64-linux-android/4.9.x/../../../../x86_64-linux-android/bin/ld" --sysroot=/home/wangjf/Android/Sdk/ndk-bundle/platforms/android-24/arch-x86_64 -pie -z relro --build-id --eh-frame-hdr -m elf_x86_64 -dynamic-linker /system/bin/linker64 -o cmTC_eaf30 /home/wangjf/Android/Sdk/ndk-bundle/platforms/android-24/arch-x86_64/usr/lib/../lib64/crtbegin_dynamic.o -L/home/wangjf/Android/Sdk/ndk-bundle/toolchains/x86_64-4.9/prebuilt/linux-x86_64/lib/gcc/x86_64-linux-android/4.9.x -L/home/wangjf/Android/Sdk/ndk-bundle/toolchains/x86_64-4.9/prebuilt/linux-x86_64/lib/gcc/x86_64-linux-android/4.9.x/../../../../x86_64-linux-android/lib/../lib64 -L/home/wangjf/Android/Sdk/ndk-bundle/platforms/android-24/arch-x86_64/usr/lib/../lib64 -L/home/wangjf/Android/Sdk/ndk-bundle/toolchains/x86_64-4.9/prebuilt/linux-x86_64/lib/gcc/x86_64-linux-android/4.9.x/../../../../x86_64-linux-android/lib -L/home/wangjf/Android/Sdk/ndk-bundle/platforms/android-24/arch-x86_64/usr/lib --build-id --warn-shared-textrel --fatal-warnings --no-undefined -z noexecstack -z relro -z now --gc-sections -z nocopyreloc --build-id --warn-shared-textrel --fatal-warnings --no-undefined -z noexecstack -z relro -z now --gc-sections -z nocopyreloc CMakeFiles/cmTC_eaf30.dir/CMakeCCompilerABI.c.o -lgcc -ldl -lc -lgcc -ldl /home/wangjf/Android/Sdk/ndk-bundle/platforms/android-24/arch-x86_64/usr/lib/../lib64/crtend_android.o


Parsed C implicit link information from above output:
  link line regex: [^( *|.*[/\])(x86_64-linux-android-ld|([^/\]+-)?ld|collect2)[^/\]*( |$)]
  ignore line: [Change Dir: /disk1/AndroidStudioProjects/amars/app/.externalNativeBuild/cmake/debug/x86_64/CMakeFiles/CMakeTmp]
  ignore line: []
  ignore line: [Run Build Command:"/home/wangjf/Android/Sdk/cmake/3.6.4111459/bin/ninja" "cmTC_eaf30"]
  ignore line: [[1/2] Building C object CMakeFiles/cmTC_eaf30.dir/CMakeCCompilerABI.c.o]
  ignore line: [[2/2] Linking C executable cmTC_eaf30]
  ignore line: [Android clang version 3.8.256229  (based on LLVM 3.8.256229)]
  ignore line: [Target: x86_64-none-linux-android]
  ignore line: [Thread model: posix]
  ignore line: [InstalledDir: /home/wangjf/Android/Sdk/ndk-bundle/toolchains/llvm/prebuilt/linux-x86_64/bin]
  ignore line: [Found candidate GCC installation: /home/wangjf/Android/Sdk/ndk-bundle/toolchains/x86_64-4.9/prebuilt/linux-x86_64/lib/gcc/x86_64-linux-android/4.9.x]
  ignore line: [Selected GCC installation: /home/wangjf/Android/Sdk/ndk-bundle/toolchains/x86_64-4.9/prebuilt/linux-x86_64/lib/gcc/x86_64-linux-android/4.9.x]
  ignore line: [Candidate multilib: .]
  ignore line: [@m64]
  ignore line: [Candidate multilib: 32]
  ignore line: [@m32]
  ignore line: [Candidate multilib: x32]
  ignore line: [@mx32]
  ignore line: [Selected multilib: .]
  ignore line: [@m64]
  link line: [ "/home/wangjf/Android/Sdk/ndk-bundle/toolchains/x86_64-4.9/prebuilt/linux-x86_64/lib/gcc/x86_64-linux-android/4.9.x/../../../../x86_64-linux-android/bin/ld" --sysroot=/home/wangjf/Android/Sdk/ndk-bundle/platforms/android-24/arch-x86_64 -pie -z relro --build-id --eh-frame-hdr -m elf_x86_64 -dynamic-linker /system/bin/linker64 -o cmTC_eaf30 /home/wangjf/Android/Sdk/ndk-bundle/platforms/android-24/arch-x86_64/usr/lib/../lib64/crtbegin_dynamic.o -L/home/wangjf/Android/Sdk/ndk-bundle/toolchains/x86_64-4.9/prebuilt/linux-x86_64/lib/gcc/x86_64-linux-android/4.9.x -L/home/wangjf/Android/Sdk/ndk-bundle/toolchains/x86_64-4.9/prebuilt/linux-x86_64/lib/gcc/x86_64-linux-android/4.9.x/../../../../x86_64-linux-android/lib/../lib64 -L/home/wangjf/Android/Sdk/ndk-bundle/platforms/android-24/arch-x86_64/usr/lib/../lib64 -L/home/wangjf/Android/Sdk/ndk-bundle/toolchains/x86_64-4.9/prebuilt/linux-x86_64/lib/gcc/x86_64-linux-android/4.9.x/../../../../x86_64-linux-android/lib -L/home/wangjf/Android/Sdk/ndk-bundle/platforms/android-24/arch-x86_64/usr/lib --build-id --warn-shared-textrel --fatal-warnings --no-undefined -z noexecstack -z relro -z now --gc-sections -z nocopyreloc --build-id --warn-shared-textrel --fatal-warnings --no-undefined -z noexecstack -z relro -z now --gc-sections -z nocopyreloc CMakeFiles/cmTC_eaf30.dir/CMakeCCompilerABI.c.o -lgcc -ldl -lc -lgcc -ldl /home/wangjf/Android/Sdk/ndk-bundle/platforms/android-24/arch-x86_64/usr/lib/../lib64/crtend_android.o]
    arg [/home/wangjf/Android/Sdk/ndk-bundle/toolchains/x86_64-4.9/prebuilt/linux-x86_64/lib/gcc/x86_64-linux-android/4.9.x/../../../../x86_64-linux-android/bin/ld] ==> ignore
    arg [--sysroot=/home/wangjf/Android/Sdk/ndk-bundle/platforms/android-24/arch-x86_64] ==> ignore
    arg [-pie] ==> ignore
    arg [-zrelro] ==> ignore
    arg [--build-id] ==> ignore
    arg [--eh-frame-hdr] ==> ignore
    arg [-m] ==> ignore
    arg [elf_x86_64] ==> ignore
    arg [-dynamic-linker] ==> ignore
    arg [/system/bin/linker64] ==> ignore
    arg [-o] ==> ignore
    arg [cmTC_eaf30] ==> ignore
    arg [/home/wangjf/Android/Sdk/ndk-bundle/platforms/android-24/arch-x86_64/usr/lib/../lib64/crtbegin_dynamic.o] ==> ignore
    arg [-L/home/wangjf/Android/Sdk/ndk-bundle/toolchains/x86_64-4.9/prebuilt/linux-x86_64/lib/gcc/x86_64-linux-android/4.9.x] ==> dir [/home/wangjf/Android/Sdk/ndk-bundle/toolchains/x86_64-4.9/prebuilt/linux-x86_64/lib/gcc/x86_64-linux-android/4.9.x]
    arg [-L/home/wangjf/Android/Sdk/ndk-bundle/toolchains/x86_64-4.9/prebuilt/linux-x86_64/lib/gcc/x86_64-linux-android/4.9.x/../../../../x86_64-linux-android/lib/../lib64] ==> dir [/home/wangjf/Android/Sdk/ndk-bundle/toolchains/x86_64-4.9/prebuilt/linux-x86_64/lib/gcc/x86_64-linux-android/4.9.x/../../../../x86_64-linux-android/lib/../lib64]
    arg [-L/home/wangjf/Android/Sdk/ndk-bundle/platforms/android-24/arch-x86_64/usr/lib/../lib64] ==> dir [/home/wangjf/Android/Sdk/ndk-bundle/platforms/android-24/arch-x86_64/usr/lib/../lib64]
    arg [-L/home/wangjf/Android/Sdk/ndk-bundle/toolchains/x86_64-4.9/prebuilt/linux-x86_64/lib/gcc/x86_64-linux-android/4.9.x/../../../../x86_64-linux-android/lib] ==> dir [/home/wangjf/Android/Sdk/ndk-bundle/toolchains/x86_64-4.9/prebuilt/linux-x86_64/lib/gcc/x86_64-linux-android/4.9.x/../../../../x86_64-linux-android/lib]
    arg [-L/home/wangjf/Android/Sdk/ndk-bundle/platforms/android-24/arch-x86_64/usr/lib] ==> dir [/home/wangjf/Android/Sdk/ndk-bundle/platforms/android-24/arch-x86_64/usr/lib]
    arg [--build-id] ==> ignore
    arg [--warn-shared-textrel] ==> ignore
    arg [--fatal-warnings] ==> ignore
    arg [--no-undefined] ==> ignore
    arg [-znoexecstack] ==> ignore
    arg [-zrelro] ==> ignore
    arg [-znow] ==> ignore
    arg [--gc-sections] ==> ignore
    arg [-znocopyreloc] ==> ignore
    arg [--build-id] ==> ignore
    arg [--warn-shared-textrel] ==> ignore
    arg [--fatal-warnings] ==> ignore
    arg [--no-undefined] ==> ignore
    arg [-znoexecstack] ==> ignore
    arg [-zrelro] ==> ignore
    arg [-znow] ==> ignore
    arg [--gc-sections] ==> ignore
    arg [-znocopyreloc] ==> ignore
    arg [CMakeFiles/cmTC_eaf30.dir/CMakeCCompilerABI.c.o] ==> ignore
    arg [-lgcc] ==> lib [gcc]
    arg [-ldl] ==> lib [dl]
    arg [-lc] ==> lib [c]
    arg [-lgcc] ==> lib [gcc]
    arg [-ldl] ==> lib [dl]
    arg [/home/wangjf/Android/Sdk/ndk-bundle/platforms/android-24/arch-x86_64/usr/lib/../lib64/crtend_android.o] ==> ignore
  remove lib [gcc]
  remove lib [gcc]
  collapse library dir [/home/wangjf/Android/Sdk/ndk-bundle/toolchains/x86_64-4.9/prebuilt/linux-x86_64/lib/gcc/x86_64-linux-android/4.9.x] ==> [/home/wangjf/Android/Sdk/ndk-bundle/toolchains/x86_64-4.9/prebuilt/linux-x86_64/lib/gcc/x86_64-linux-android/4.9.x]
  collapse library dir [/home/wangjf/Android/Sdk/ndk-bundle/toolchains/x86_64-4.9/prebuilt/linux-x86_64/lib/gcc/x86_64-linux-android/4.9.x/../../../../x86_64-linux-android/lib/../lib64] ==> [/home/wangjf/Android/Sdk/ndk-bundle/toolchains/x86_64-4.9/prebuilt/linux-x86_64/x86_64-linux-android/lib64]
  collapse library dir [/home/wangjf/Android/Sdk/ndk-bundle/platforms/android-24/arch-x86_64/usr/lib/../lib64] ==> [/home/wangjf/Android/Sdk/ndk-bundle/platforms/android-24/arch-x86_64/usr/lib64]
  collapse library dir [/home/wangjf/Android/Sdk/ndk-bundle/toolchains/x86_64-4.9/prebuilt/linux-x86_64/lib/gcc/x86_64-linux-android/4.9.x/../../../../x86_64-linux-android/lib] ==> [/home/wangjf/Android/Sdk/ndk-bundle/toolchains/x86_64-4.9/prebuilt/linux-x86_64/x86_64-linux-android/lib]
  collapse library dir [/home/wangjf/Android/Sdk/ndk-bundle/platforms/android-24/arch-x86_64/usr/lib] ==> [/home/wangjf/Android/Sdk/ndk-bundle/platforms/android-24/arch-x86_64/usr/lib]
  implicit libs: [dl;c;dl]
  implicit dirs: [/home/wangjf/Android/Sdk/ndk-bundle/toolchains/x86_64-4.9/prebuilt/linux-x86_64/lib/gcc/x86_64-linux-android/4.9.x;/home/wangjf/Android/Sdk/ndk-bundle/toolchains/x86_64-4.9/prebuilt/linux-x86_64/x86_64-linux-android/lib64;/home/wangjf/Android/Sdk/ndk-bundle/platforms/android-24/arch-x86_64/usr/lib64;/home/wangjf/Android/Sdk/ndk-bundle/toolchains/x86_64-4.9/prebuilt/linux-x86_64/x86_64-linux-android/lib;/home/wangjf/Android/Sdk/ndk-bundle/platforms/android-24/arch-x86_64/usr/lib]
  implicit fwks: []


Determining if the CXX compiler works passed with the following output:
Change Dir: /disk1/AndroidStudioProjects/amars/app/.externalNativeBuild/cmake/debug/x86_64/CMakeFiles/CMakeTmp

Run Build Command:"/home/wangjf/Android/Sdk/cmake/3.6.4111459/bin/ninja" "cmTC_ecf09"
[1/2] Building CXX object CMakeFiles/cmTC_ecf09.dir/testCXXCompiler.cxx.o
[2/2] Linking CXX executable cmTC_ecf09


Detecting CXX compiler ABI info compiled with the following output:
Change Dir: /disk1/AndroidStudioProjects/amars/app/.externalNativeBuild/cmake/debug/x86_64/CMakeFiles/CMakeTmp

Run Build Command:"/home/wangjf/Android/Sdk/cmake/3.6.4111459/bin/ninja" "cmTC_fe2b5"
[1/2] Building CXX object CMakeFiles/cmTC_fe2b5.dir/CMakeCXXCompilerABI.cpp.o
[2/2] Linking CXX executable cmTC_fe2b5
Android clang version 3.8.256229  (based on LLVM 3.8.256229)
Target: x86_64-none-linux-android
Thread model: posix
InstalledDir: /home/wangjf/Android/Sdk/ndk-bundle/toolchains/llvm/prebuilt/linux-x86_64/bin
Found candidate GCC installation: /home/wangjf/Android/Sdk/ndk-bundle/toolchains/x86_64-4.9/prebuilt/linux-x86_64/lib/gcc/x86_64-linux-android/4.9.x
Selected GCC installation: /home/wangjf/Android/Sdk/ndk-bundle/toolchains/x86_64-4.9/prebuilt/linux-x86_64/lib/gcc/x86_64-linux-android/4.9.x
Candidate multilib: .;@m64
Candidate multilib: 32;@m32
Candidate multilib: x32;@mx32
Selected multilib: .;@m64
 "/home/wangjf/Android/Sdk/ndk-bundle/toolchains/x86_64-4.9/prebuilt/linux-x86_64/lib/gcc/x86_64-linux-android/4.9.x/../../../../x86_64-linux-android/bin/ld" --sysroot=/home/wangjf/Android/Sdk/ndk-bundle/platforms/android-24/arch-x86_64 -pie -z relro --build-id --eh-frame-hdr -m elf_x86_64 -dynamic-linker /system/bin/linker64 -o cmTC_fe2b5 /home/wangjf/Android/Sdk/ndk-bundle/platforms/android-24/arch-x86_64/usr/lib/../lib64/crtbegin_dynamic.o -L/home/wangjf/Android/Sdk/ndk-bundle/toolchains/x86_64-4.9/prebuilt/linux-x86_64/lib/gcc/x86_64-linux-android/4.9.x -L/home/wangjf/Android/Sdk/ndk-bundle/toolchains/x86_64-4.9/prebuilt/linux-x86_64/lib/gcc/x86_64-linux-android/4.9.x/../../../../x86_64-linux-android/lib/../lib64 -L/home/wangjf/Android/Sdk/ndk-bundle/platforms/android-24/arch-x86_64/usr/lib/../lib64 -L/home/wangjf/Android/Sdk/ndk-bundle/toolchains/x86_64-4.9/prebuilt/linux-x86_64/lib/gcc/x86_64-linux-android/4.9.x/../../../../x86_64-linux-android/lib -L/home/wangjf/Android/Sdk/ndk-bundle/platforms/android-24/arch-x86_64/usr/lib --build-id --warn-shared-textrel --fatal-warnings --no-undefined -z noexecstack -z relro -z now --gc-sections -z nocopyreloc --build-id --warn-shared-textrel --fatal-warnings --no-undefined -z noexecstack -z relro -z now --gc-sections -z nocopyreloc CMakeFiles/cmTC_fe2b5.dir/CMakeCXXCompilerABI.cpp.o -lstdc++ -lm -lgcc -lgcc -ldl -lc -lgcc -lgcc -ldl /home/wangjf/Android/Sdk/ndk-bundle/platforms/android-24/arch-x86_64/usr/lib/../lib64/crtend_android.o


Parsed CXX implicit link information from above output:
  link line regex: [^( *|.*[/\])(x86_64-linux-android-ld|([^/\]+-)?ld|collect2)[^/\]*( |$)]
  ignore line: [Change Dir: /disk1/AndroidStudioProjects/amars/app/.externalNativeBuild/cmake/debug/x86_64/CMakeFiles/CMakeTmp]
  ignore line: []
  ignore line: [Run Build Command:"/home/wangjf/Android/Sdk/cmake/3.6.4111459/bin/ninja" "cmTC_fe2b5"]
  ignore line: [[1/2] Building CXX object CMakeFiles/cmTC_fe2b5.dir/CMakeCXXCompilerABI.cpp.o]
  ignore line: [[2/2] Linking CXX executable cmTC_fe2b5]
  ignore line: [Android clang version 3.8.256229  (based on LLVM 3.8.256229)]
  ignore line: [Target: x86_64-none-linux-android]
  ignore line: [Thread model: posix]
  ignore line: [InstalledDir: /home/wangjf/Android/Sdk/ndk-bundle/toolchains/llvm/prebuilt/linux-x86_64/bin]
  ignore line: [Found candidate GCC installation: /home/wangjf/Android/Sdk/ndk-bundle/toolchains/x86_64-4.9/prebuilt/linux-x86_64/lib/gcc/x86_64-linux-android/4.9.x]
  ignore line: [Selected GCC installation: /home/wangjf/Android/Sdk/ndk-bundle/toolchains/x86_64-4.9/prebuilt/linux-x86_64/lib/gcc/x86_64-linux-android/4.9.x]
  ignore line: [Candidate multilib: .]
  ignore line: [@m64]
  ignore line: [Candidate multilib: 32]
  ignore line: [@m32]
  ignore line: [Candidate multilib: x32]
  ignore line: [@mx32]
  ignore line: [Selected multilib: .]
  ignore line: [@m64]
  link line: [ "/home/wangjf/Android/Sdk/ndk-bundle/toolchains/x86_64-4.9/prebuilt/linux-x86_64/lib/gcc/x86_64-linux-android/4.9.x/../../../../x86_64-linux-android/bin/ld" --sysroot=/home/wangjf/Android/Sdk/ndk-bundle/platforms/android-24/arch-x86_64 -pie -z relro --build-id --eh-frame-hdr -m elf_x86_64 -dynamic-linker /system/bin/linker64 -o cmTC_fe2b5 /home/wangjf/Android/Sdk/ndk-bundle/platforms/android-24/arch-x86_64/usr/lib/../lib64/crtbegin_dynamic.o -L/home/wangjf/Android/Sdk/ndk-bundle/toolchains/x86_64-4.9/prebuilt/linux-x86_64/lib/gcc/x86_64-linux-android/4.9.x -L/home/wangjf/Android/Sdk/ndk-bundle/toolchains/x86_64-4.9/prebuilt/linux-x86_64/lib/gcc/x86_64-linux-android/4.9.x/../../../../x86_64-linux-android/lib/../lib64 -L/home/wangjf/Android/Sdk/ndk-bundle/platforms/android-24/arch-x86_64/usr/lib/../lib64 -L/home/wangjf/Android/Sdk/ndk-bundle/toolchains/x86_64-4.9/prebuilt/linux-x86_64/lib/gcc/x86_64-linux-android/4.9.x/../../../../x86_64-linux-android/lib -L/home/wangjf/Android/Sdk/ndk-bundle/platforms/android-24/arch-x86_64/usr/lib --build-id --warn-shared-textrel --fatal-warnings --no-undefined -z noexecstack -z relro -z now --gc-sections -z nocopyreloc --build-id --warn-shared-textrel --fatal-warnings --no-undefined -z noexecstack -z relro -z now --gc-sections -z nocopyreloc CMakeFiles/cmTC_fe2b5.dir/CMakeCXXCompilerABI.cpp.o -lstdc++ -lm -lgcc -lgcc -ldl -lc -lgcc -lgcc -ldl /home/wangjf/Android/Sdk/ndk-bundle/platforms/android-24/arch-x86_64/usr/lib/../lib64/crtend_android.o]
    arg [/home/wangjf/Android/Sdk/ndk-bundle/toolchains/x86_64-4.9/prebuilt/linux-x86_64/lib/gcc/x86_64-linux-android/4.9.x/../../../../x86_64-linux-android/bin/ld] ==> ignore
    arg [--sysroot=/home/wangjf/Android/Sdk/ndk-bundle/platforms/android-24/arch-x86_64] ==> ignore
    arg [-pie] ==> ignore
    arg [-zrelro] ==> ignore
    arg [--build-id] ==> ignore
    arg [--eh-frame-hdr] ==> ignore
    arg [-m] ==> ignore
    arg [elf_x86_64] ==> ignore
    arg [-dynamic-linker] ==> ignore
    arg [/system/bin/linker64] ==> ignore
    arg [-o] ==> ignore
    arg [cmTC_fe2b5] ==> ignore
    arg [/home/wangjf/Android/Sdk/ndk-bundle/platforms/android-24/arch-x86_64/usr/lib/../lib64/crtbegin_dynamic.o] ==> ignore
    arg [-L/home/wangjf/Android/Sdk/ndk-bundle/toolchains/x86_64-4.9/prebuilt/linux-x86_64/lib/gcc/x86_64-linux-android/4.9.x] ==> dir [/home/wangjf/Android/Sdk/ndk-bundle/toolchains/x86_64-4.9/prebuilt/linux-x86_64/lib/gcc/x86_64-linux-android/4.9.x]
    arg [-L/home/wangjf/Android/Sdk/ndk-bundle/toolchains/x86_64-4.9/prebuilt/linux-x86_64/lib/gcc/x86_64-linux-android/4.9.x/../../../../x86_64-linux-android/lib/../lib64] ==> dir [/home/wangjf/Android/Sdk/ndk-bundle/toolchains/x86_64-4.9/prebuilt/linux-x86_64/lib/gcc/x86_64-linux-android/4.9.x/../../../../x86_64-linux-android/lib/../lib64]
    arg [-L/home/wangjf/Android/Sdk/ndk-bundle/platforms/android-24/arch-x86_64/usr/lib/../lib64] ==> dir [/home/wangjf/Android/Sdk/ndk-bundle/platforms/android-24/arch-x86_64/usr/lib/../lib64]
    arg [-L/home/wangjf/Android/Sdk/ndk-bundle/toolchains/x86_64-4.9/prebuilt/linux-x86_64/lib/gcc/x86_64-linux-android/4.9.x/../../../../x86_64-linux-android/lib] ==> dir [/home/wangjf/Android/Sdk/ndk-bundle/toolchains/x86_64-4.9/prebuilt/linux-x86_64/lib/gcc/x86_64-linux-android/4.9.x/../../../../x86_64-linux-android/lib]
    arg [-L/home/wangjf/Android/Sdk/ndk-bundle/platforms/android-24/arch-x86_64/usr/lib] ==> dir [/home/wangjf/Android/Sdk/ndk-bundle/platforms/android-24/arch-x86_64/usr/lib]
    arg [--build-id] ==> ignore
    arg [--warn-shared-textrel] ==> ignore
    arg [--fatal-warnings] ==> ignore
    arg [--no-undefined] ==> ignore
    arg [-znoexecstack] ==> ignore
    arg [-zrelro] ==> ignore
    arg [-znow] ==> ignore
    arg [--gc-sections] ==> ignore
    arg [-znocopyreloc] ==> ignore
    arg [--build-id] ==> ignore
    arg [--warn-shared-textrel] ==> ignore
    arg [--fatal-warnings] ==> ignore
    arg [--no-undefined] ==> ignore
    arg [-znoexecstack] ==> ignore
    arg [-zrelro] ==> ignore
    arg [-znow] ==> ignore
    arg [--gc-sections] ==> ignore
    arg [-znocopyreloc] ==> ignore
    arg [CMakeFiles/cmTC_fe2b5.dir/CMakeCXXCompilerABI.cpp.o] ==> ignore
    arg [-lstdc++] ==> lib [stdc++]
    arg [-lm] ==> lib [m]
    arg [-lgcc] ==> lib [gcc]
    arg [-lgcc] ==> lib [gcc]
    arg [-ldl] ==> lib [dl]
    arg [-lc] ==> lib [c]
    arg [-lgcc] ==> lib [gcc]
    arg [-lgcc] ==> lib [gcc]
    arg [-ldl] ==> lib [dl]
    arg [/home/wangjf/Android/Sdk/ndk-bundle/platforms/android-24/arch-x86_64/usr/lib/../lib64/crtend_android.o] ==> ignore
  remove lib [gcc]
  remove lib [gcc]
  remove lib [gcc]
  remove lib [gcc]
  collapse library dir [/home/wangjf/Android/Sdk/ndk-bundle/toolchains/x86_64-4.9/prebuilt/linux-x86_64/lib/gcc/x86_64-linux-android/4.9.x] ==> [/home/wangjf/Android/Sdk/ndk-bundle/toolchains/x86_64-4.9/prebuilt/linux-x86_64/lib/gcc/x86_64-linux-android/4.9.x]
  collapse library dir [/home/wangjf/Android/Sdk/ndk-bundle/toolchains/x86_64-4.9/prebuilt/linux-x86_64/lib/gcc/x86_64-linux-android/4.9.x/../../../../x86_64-linux-android/lib/../lib64] ==> [/home/wangjf/Android/Sdk/ndk-bundle/toolchains/x86_64-4.9/prebuilt/linux-x86_64/x86_64-linux-android/lib64]
  collapse library dir [/home/wangjf/Android/Sdk/ndk-bundle/platforms/android-24/arch-x86_64/usr/lib/../lib64] ==> [/home/wangjf/Android/Sdk/ndk-bundle/platforms/android-24/arch-x86_64/usr/lib64]
  collapse library dir [/home/wangjf/Android/Sdk/ndk-bundle/toolchains/x86_64-4.9/prebuilt/linux-x86_64/lib/gcc/x86_64-linux-android/4.9.x/../../../../x86_64-linux-android/lib] ==> [/home/wangjf/Android/Sdk/ndk-bundle/toolchains/x86_64-4.9/prebuilt/linux-x86_64/x86_64-linux-android/lib]
  collapse library dir [/home/wangjf/Android/Sdk/ndk-bundle/platforms/android-24/arch-x86_64/usr/lib] ==> [/home/wangjf/Android/Sdk/ndk-bundle/platforms/android-24/arch-x86_64/usr/lib]
  implicit libs: [stdc++;m;dl;c;dl]
  implicit dirs: [/home/wangjf/Android/Sdk/ndk-bundle/toolchains/x86_64-4.9/prebuilt/linux-x86_64/lib/gcc/x86_64-linux-android/4.9.x;/home/wangjf/Android/Sdk/ndk-bundle/toolchains/x86_64-4.9/prebuilt/linux-x86_64/x86_64-linux-android/lib64;/home/wangjf/Android/Sdk/ndk-bundle/platforms/android-24/arch-x86_64/usr/lib64;/home/wangjf/Android/Sdk/ndk-bundle/toolchains/x86_64-4.9/prebuilt/linux-x86_64/x86_64-linux-android/lib;/home/wangjf/Android/Sdk/ndk-bundle/platforms/android-24/arch-x86_64/usr/lib]
  implicit fwks: []


